<?xml version="1.0" encoding="UTF-8"?>
<!-- Generated by org.testng.reporters.JUnitXMLReporter -->
<testsuite ignored="0" hostname="DESKTOP-3FO53C9" failures="1" tests="4" name="Test" time="14.586" errors="0" timestamp="2023-01-21T13:58:04 IST">
  <testcase classname="com.qdpm.Testcases.LoginPageTest" name="verifyuserLogin" time="0.95">
    <skipped/>
  </testcase> <!-- verifyuserLogin -->
  <testcase classname="com.qdpm.Testcases.LoginPageTest" name="verifyuserLogin" time="1.273">
    <skipped/>
  </testcase> <!-- verifyuserLogin -->
  <testcase classname="com.qdpm.Testcases.LoginPageTest" name="verifyuserLogin" time="0.818">
    <skipped/>
  </testcase> <!-- verifyuserLogin -->
  <testcase classname="com.qdpm.Testcases.LoginPageTest" name="verifyuserLogin" time="1.13">
    <failure type="java.lang.AssertionError" message="null">
      <![CDATA[java.lang.AssertionError: null
at com.qdpm.Testcases.LoginPageTest.verifyuserLogin(LoginPageTest.java:17)
at java.base/java.util.ArrayList.forEach(ArrayList.java:1511)
... Removed 27 stack frames]]>
    </failure>
  </testcase> <!-- verifyuserLogin -->
</testsuite> <!-- Test -->
